2024-02-22 00:46:03,053 - IMPORTANT_INFO - 脚本开始运行
2024-02-22 00:46:03,054 - IMPORTANT_INFO - 配置文件路径：D:\Code\RUC-CourseSelectionTool\ruccourse\config.ini
2024-02-22 00:46:03,054 - IMPORTANT_INFO - 日志文件路径：D:\Code\RUC-CourseSelectionTool\ruccourse\ruccourse.log
2024-02-22 00:46:03,055 - ERROR - name 'settings' is not defined
2024-02-22 00:46:03,055 - ERROR - 脚本遇到未知错误，重试。
2024-02-22 00:46:03,055 - IMPORTANT_INFO - 脚本开始运行
2024-02-22 00:46:03,055 - IMPORTANT_INFO - 配置文件路径：D:\Code\RUC-CourseSelectionTool\ruccourse\config.ini
2024-02-22 00:46:03,056 - IMPORTANT_INFO - 日志文件路径：D:\Code\RUC-CourseSelectionTool\ruccourse\ruccourse.log
2024-02-22 00:46:03,056 - ERROR - name 'settings' is not defined
2024-02-22 00:46:03,057 - ERROR - 脚本遇到未知错误，重试。
2024-02-22 00:46:03,057 - IMPORTANT_INFO - 脚本开始运行
2024-02-22 00:46:03,057 - IMPORTANT_INFO - 配置文件路径：D:\Code\RUC-CourseSelectionTool\ruccourse\config.ini
2024-02-22 00:46:03,057 - IMPORTANT_INFO - 日志文件路径：D:\Code\RUC-CourseSelectionTool\ruccourse\ruccourse.log
2024-02-22 00:46:03,058 - ERROR - name 'settings' is not defined
2024-02-22 00:46:03,058 - ERROR - 脚本遇到未知错误，重试。
2024-02-22 00:46:03,059 - IMPORTANT_INFO - 脚本开始运行
2024-02-22 00:46:03,059 - IMPORTANT_INFO - 配置文件路径：D:\Code\RUC-CourseSelectionTool\ruccourse\config.ini
2024-02-22 00:46:03,059 - IMPORTANT_INFO - 日志文件路径：D:\Code\RUC-CourseSelectionTool\ruccourse\ruccourse.log
2024-02-22 00:46:03,060 - ERROR - name 'settings' is not defined
2024-02-22 00:46:03,060 - ERROR - 脚本遇到未知错误，重试。
2024-02-22 00:46:03,060 - IMPORTANT_INFO - 脚本开始运行
2024-02-22 00:46:03,060 - IMPORTANT_INFO - 配置文件路径：D:\Code\RUC-CourseSelectionTool\ruccourse\config.ini
2024-02-22 00:46:03,061 - IMPORTANT_INFO - 日志文件路径：D:\Code\RUC-CourseSelectionTool\ruccourse\ruccourse.log
2024-02-22 00:46:03,061 - ERROR - name 'settings' is not defined
2024-02-22 00:46:03,061 - ERROR - 脚本遇到未知错误，重试。
2024-02-22 00:46:03,062 - IMPORTANT_INFO - 脚本开始运行
2024-02-22 00:46:03,062 - IMPORTANT_INFO - 配置文件路径：D:\Code\RUC-CourseSelectionTool\ruccourse\config.ini
2024-02-22 00:46:03,062 - IMPORTANT_INFO - 日志文件路径：D:\Code\RUC-CourseSelectionTool\ruccourse\ruccourse.log
2024-02-22 00:46:03,064 - ERROR - name 'settings' is not defined
2024-02-22 00:46:03,064 - ERROR - 脚本遇到未知错误，重试。
2024-02-22 00:46:03,064 - IMPORTANT_INFO - 脚本开始运行
2024-02-22 00:46:03,064 - IMPORTANT_INFO - 配置文件路径：D:\Code\RUC-CourseSelectionTool\ruccourse\config.ini
2024-02-22 00:46:03,065 - IMPORTANT_INFO - 日志文件路径：D:\Code\RUC-CourseSelectionTool\ruccourse\ruccourse.log
2024-02-22 00:46:03,065 - ERROR - name 'settings' is not defined
2024-02-22 00:46:03,065 - ERROR - 脚本遇到未知错误，重试。
2024-02-22 00:46:03,066 - IMPORTANT_INFO - 脚本开始运行
2024-02-22 00:46:03,066 - IMPORTANT_INFO - 配置文件路径：D:\Code\RUC-CourseSelectionTool\ruccourse\config.ini
2024-02-22 00:46:03,066 - IMPORTANT_INFO - 日志文件路径：D:\Code\RUC-CourseSelectionTool\ruccourse\ruccourse.log
2024-02-22 00:46:03,067 - ERROR - name 'settings' is not defined
2024-02-22 00:46:03,067 - ERROR - 脚本遇到未知错误，重试。
2024-02-22 00:46:03,068 - IMPORTANT_INFO - 脚本开始运行
2024-02-22 00:46:03,068 - IMPORTANT_INFO - 配置文件路径：D:\Code\RUC-CourseSelectionTool\ruccourse\config.ini
2024-02-22 00:46:03,069 - IMPORTANT_INFO - 日志文件路径：D:\Code\RUC-CourseSelectionTool\ruccourse\ruccourse.log
2024-02-22 00:46:03,070 - ERROR - name 'settings' is not defined
2024-02-22 00:46:03,070 - ERROR - 脚本遇到未知错误，重试。
2024-02-22 00:46:03,071 - IMPORTANT_INFO - 脚本开始运行
2024-02-22 00:46:03,071 - IMPORTANT_INFO - 配置文件路径：D:\Code\RUC-CourseSelectionTool\ruccourse\config.ini
2024-02-22 00:46:03,071 - IMPORTANT_INFO - 日志文件路径：D:\Code\RUC-CourseSelectionTool\ruccourse\ruccourse.log
2024-02-22 00:46:03,072 - ERROR - name 'settings' is not defined
2024-02-22 00:46:03,072 - ERROR - 脚本遇到未知错误，重试。
2024-02-22 00:46:18,222 - IMPORTANT_INFO - 脚本开始运行
2024-02-22 00:46:18,224 - IMPORTANT_INFO - 配置文件路径：D:\Code\RUC-CourseSelectionTool\ruccourse\config.ini
2024-02-22 00:46:18,224 - IMPORTANT_INFO - 日志文件路径：D:\Code\RUC-CourseSelectionTool\ruccourse\ruccourse.log
2024-02-22 00:47:17,517 - IMPORTANT_INFO - 脚本开始运行
2024-02-22 00:47:17,518 - IMPORTANT_INFO - 配置文件路径：D:\Code\RUC-CourseSelectionTool\ruccourse\config.ini
2024-02-22 00:47:17,518 - IMPORTANT_INFO - 日志文件路径：D:\Code\RUC-CourseSelectionTool\ruccourse\ruccourse.log
2024-02-22 00:47:17,518 - ERROR - 抢课列表为空
2024-02-22 00:48:18,345 - IMPORTANT_INFO - 不启用提示铃声（如果有需要，你可以替换铃声文件）
2024-02-22 00:48:18,345 - IMPORTANT_INFO - 铃声文件路径：D:\Code\RUC-CourseSelectionTool\ruccourse\ring.wav
2024-02-22 00:48:18,347 - IMPORTANT_INFO - 学期：2023-2024学年夏季学期
2024-02-22 00:48:18,347 - IMPORTANT_INFO - 待抢课程：智能计算系统01班
2024-02-22 00:48:18,347 - IMPORTANT_INFO - gap=0，脚本将不间断执行
2024-02-22 00:49:49,195 - IMPORTANT_INFO - 脚本开始运行
2024-02-22 00:49:49,195 - IMPORTANT_INFO - 配置文件路径：D:\Code\RUC-CourseSelectionTool\ruccourse\config.ini
2024-02-22 00:49:49,195 - IMPORTANT_INFO - 日志文件路径：D:\Code\RUC-CourseSelectionTool\ruccourse\ruccourse.log
2024-02-22 00:49:49,196 - IMPORTANT_INFO - 不启用提示铃声（如果有需要，你可以替换铃声文件）
2024-02-22 00:49:49,197 - IMPORTANT_INFO - 铃声文件路径：D:\Code\RUC-CourseSelectionTool\ruccourse\ring.wav
2024-02-22 00:49:49,197 - IMPORTANT_INFO - 学期：2023-2024学年夏季学期
2024-02-22 00:49:49,197 - IMPORTANT_INFO - 待抢课程：智能计算系统01班
2024-02-22 00:49:49,197 - IMPORTANT_INFO - gap=0，脚本将不间断执行
2024-02-22 00:49:52,316 - IMPORTANT_INFO - 抢到 智能计算系统01班
2024-02-22 00:49:52,621 - IMPORTANT_INFO - 智能计算系统01班 已选，跳过
2024-02-22 00:49:52,621 - IMPORTANT_INFO - 智能计算系统01班 已选，跳过
2024-02-22 00:49:52,622 - IMPORTANT_INFO - 智能计算系统01班 已选，跳过
2024-02-22 00:49:52,623 - IMPORTANT_INFO - 抢课列表为空
2024-02-22 00:49:52,623 - IMPORTANT_INFO - 脚本已停止
2024-02-22 00:49:52,678 - IMPORTANT_INFO - 智能计算系统01班 已选，跳过
2024-02-22 00:49:52,753 - IMPORTANT_INFO - 智能计算系统01班 已选，跳过
2024-02-22 00:49:52,818 - IMPORTANT_INFO - 智能计算系统01班 已选，跳过
2024-02-22 00:49:53,396 - IMPORTANT_INFO - 智能计算系统01班 已选，跳过
2024-02-22 00:58:55,415 - IMPORTANT_INFO - 脚本开始运行
2024-02-22 00:58:55,416 - IMPORTANT_INFO - 配置文件路径：D:\Code\RUC-CourseSelectionTool\ruccourse\config.ini
2024-02-22 00:58:55,416 - IMPORTANT_INFO - 日志文件路径：D:\Code\RUC-CourseSelectionTool\ruccourse\ruccourse.log
2024-02-22 00:58:55,417 - IMPORTANT_INFO - 不启用提示铃声（如果有需要，你可以替换铃声文件）
2024-02-22 00:58:55,417 - IMPORTANT_INFO - 铃声文件路径：D:\Code\RUC-CourseSelectionTool\ruccourse\ring.wav
2024-02-22 00:58:55,417 - IMPORTANT_INFO - 学期：2023-2024学年夏季学期
2024-02-22 00:58:55,418 - IMPORTANT_INFO - 待抢课程：智能计算系统01班
2024-02-22 00:58:55,418 - IMPORTANT_INFO - gap=0，脚本将不间断执行
2024-02-22 00:58:56,484 - IMPORTANT_INFO - 抢到 智能计算系统01班
2024-02-22 00:58:56,819 - IMPORTANT_INFO - 抢课列表为空
2024-02-22 00:58:56,819 - IMPORTANT_INFO - 脚本已停止
2024-02-22 00:58:56,957 - INFO - req/s: 0.99 	tru_reqs/s: 0.0  	total: 1
