The system is: Windows - 10.0.22000 - AMD64
Compiling the C compiler identification source file "CMakeCCompilerId.c" succeeded.
Compiler: C:/Program Files (x86)/Microsoft Visual Studio/2019/Community/VC/Tools/MSVC/14.28.29910/bin/Hostx64/x64/cl.exe 
Build flags: 
Id flags:  

The output was:
0
Microsoft (R) C/C++ Optimizing Compiler Version 19.28.29912 for x64
Copyright (C) Microsoft Corporation.  All rights reserved.

CMakeCCompilerId.c
Microsoft (R) Incremental Linker Version 14.28.29912.0
Copyright (C) Microsoft Corporation.  All rights reserved.

/out:CMakeCCompilerId.exe 
CMakeCCompilerId.obj 


Compilation of the C compiler identification source "CMakeCCompilerId.c" produced "CMakeCCompilerId.exe"

Compilation of the C compiler identification source "CMakeCCompilerId.c" produced "CMakeCCompilerId.obj"

The C compiler identification is MSVC, found in "C:/Users/SPichardo/Documents/GitHub/BabelViscoFDTD/pi_ocl/build/CMakeFiles/3.19.7/CompilerIdC/CMakeCCompilerId.exe"

Compiling the CXX compiler identification source file "CMakeCXXCompilerId.cpp" succeeded.
Compiler: C:/Program Files (x86)/Microsoft Visual Studio/2019/Community/VC/Tools/MSVC/14.28.29910/bin/Hostx64/x64/cl.exe 
Build flags: 
Id flags:  

The output was:
0
Microsoft (R) C/C++ Optimizing Compiler Version 19.28.29912 for x64
Copyright (C) Microsoft Corporation.  All rights reserved.

CMakeCXXCompilerId.cpp
Microsoft (R) Incremental Linker Version 14.28.29912.0
Copyright (C) Microsoft Corporation.  All rights reserved.

/out:CMakeCXXCompilerId.exe 
CMakeCXXCompilerId.obj 


Compilation of the CXX compiler identification source "CMakeCXXCompilerId.cpp" produced "CMakeCXXCompilerId.exe"

Compilation of the CXX compiler identification source "CMakeCXXCompilerId.cpp" produced "CMakeCXXCompilerId.obj"

The CXX compiler identification is MSVC, found in "C:/Users/SPichardo/Documents/GitHub/BabelViscoFDTD/pi_ocl/build/CMakeFiles/3.19.7/CompilerIdCXX/CMakeCXXCompilerId.exe"

Detecting C compiler ABI info compiled with the following output:
Change Dir: C:/Users/SPichardo/Documents/GitHub/BabelViscoFDTD/pi_ocl/build/CMakeFiles/CMakeTmp

Run Build Command(s):nmake /nologo cmTC_1be06\fast && 	"C:\Program Files (x86)\Microsoft Visual Studio\2019\Community\VC\Tools\MSVC\14.28.29910\bin\HostX64\x64\nmake.exe"  -f CMakeFiles\cmTC_1be06.dir\build.make /nologo -L                  CMakeFiles\cmTC_1be06.dir\build
Building C object CMakeFiles/cmTC_1be06.dir/CMakeCCompilerABI.c.obj
	C:\PROGRA~2\MICROS~2\2019\COMMUN~1\VC\Tools\MSVC\1428~1.299\bin\Hostx64\x64\cl.exe @C:\Users\SPICHA~1\AppData\Local\Temp\nmA1F.tmp
CMakeCCompilerABI.c
Linking C executable cmTC_1be06.exe
	"C:\Program Files\CMake\bin\cmake.exe" -E vs_link_exe --intdir=CMakeFiles\cmTC_1be06.dir --rc=C:\PROGRA~2\WI3CF2~1\10\bin\100190~1.0\x64\rc.exe --mt=C:\PROGRA~2\WI3CF2~1\10\bin\100190~1.0\x64\mt.exe --manifests -- C:\PROGRA~2\MICROS~2\2019\COMMUN~1\VC\Tools\MSVC\1428~1.299\bin\Hostx64\x64\link.exe /nologo @CMakeFiles\cmTC_1be06.dir\objects1.rsp @C:\Users\SPICHA~1\AppData\Local\Temp\nmB88.tmp



Detecting CXX compiler ABI info compiled with the following output:
Change Dir: C:/Users/SPichardo/Documents/GitHub/BabelViscoFDTD/pi_ocl/build/CMakeFiles/CMakeTmp

Run Build Command(s):nmake /nologo cmTC_0bd11\fast && 	"C:\Program Files (x86)\Microsoft Visual Studio\2019\Community\VC\Tools\MSVC\14.28.29910\bin\HostX64\x64\nmake.exe"  -f CMakeFiles\cmTC_0bd11.dir\build.make /nologo -L                  CMakeFiles\cmTC_0bd11.dir\build
Building CXX object CMakeFiles/cmTC_0bd11.dir/CMakeCXXCompilerABI.cpp.obj
	C:\PROGRA~2\MICROS~2\2019\COMMUN~1\VC\Tools\MSVC\1428~1.299\bin\Hostx64\x64\cl.exe @C:\Users\SPICHA~1\AppData\Local\Temp\nmD9A.tmp
CMakeCXXCompilerABI.cpp
Linking CXX executable cmTC_0bd11.exe
	"C:\Program Files\CMake\bin\cmake.exe" -E vs_link_exe --intdir=CMakeFiles\cmTC_0bd11.dir --rc=C:\PROGRA~2\WI3CF2~1\10\bin\100190~1.0\x64\rc.exe --mt=C:\PROGRA~2\WI3CF2~1\10\bin\100190~1.0\x64\mt.exe --manifests -- C:\PROGRA~2\MICROS~2\2019\COMMUN~1\VC\Tools\MSVC\1428~1.299\bin\Hostx64\x64\link.exe /nologo @CMakeFiles\cmTC_0bd11.dir\objects1.rsp @C:\Users\SPICHA~1\AppData\Local\Temp\nmDF9.tmp



Determining if the CL_VERSION_1_2 exist passed with the following output:
Change Dir: C:/Users/SPichardo/Documents/GitHub/BabelViscoFDTD/pi_ocl/build/CMakeFiles/CMakeTmp

Run Build Command(s):nmake /nologo cmTC_84928\fast && 	"C:\Program Files (x86)\Microsoft Visual Studio\2019\Community\VC\Tools\MSVC\14.28.29910\bin\HostX64\x64\nmake.exe"  -f CMakeFiles\cmTC_84928.dir\build.make /nologo -L                  CMakeFiles\cmTC_84928.dir\build
Building C object CMakeFiles/cmTC_84928.dir/CheckSymbolExists.c.obj
	C:\PROGRA~2\MICROS~2\2019\COMMUN~1\VC\Tools\MSVC\1428~1.299\bin\Hostx64\x64\cl.exe @C:\Users\SPICHA~1\AppData\Local\Temp\nm11EF.tmp
CheckSymbolExists.c
Linking C executable cmTC_84928.exe
	"C:\Program Files\CMake\bin\cmake.exe" -E vs_link_exe --intdir=CMakeFiles\cmTC_84928.dir --rc=C:\PROGRA~2\WI3CF2~1\10\bin\100190~1.0\x64\rc.exe --mt=C:\PROGRA~2\WI3CF2~1\10\bin\100190~1.0\x64\mt.exe --manifests -- C:\PROGRA~2\MICROS~2\2019\COMMUN~1\VC\Tools\MSVC\1428~1.299\bin\Hostx64\x64\link.exe /nologo @CMakeFiles\cmTC_84928.dir\objects1.rsp @C:\Users\SPICHA~1\AppData\Local\Temp\nm123E.tmp


File C:/Users/SPichardo/Documents/GitHub/BabelViscoFDTD/pi_ocl/build/CMakeFiles/CMakeTmp/CheckSymbolExists.c:
/* */
#include <C:/Program Files/NVIDIA GPU Computing Toolkit/CUDA/v11.2/include/CL/cl.h>

int main(int argc, char** argv)
{
  (void)argv;
#ifndef CL_VERSION_1_2
  return ((int*)(&CL_VERSION_1_2))[argc];
#else
  (void)argc;
  return 0;
#endif
}
